

 NAS Parallel Benchmarks (NPB3.3-OMP-C) - BT Benchmark

 No input file inputbt.data. Using compiled defaults
 Size:   64x  64x  64
 Iterations:  200       dt:   0.0008000

 Time step    1
 Time step   20
 Time step   40
 Time step   60
 Time step   80
 Time step  100
 Time step  120
 Time step  140
 Time step  160
 Time step  180
 Time step  200
 Verification being performed for class A
 accuracy setting for epsilon =  1.0000000000000E-08
 Comparison of RMS-norms of residual
           1 1.0806346714637E+02 1.0806346714637E+02 7.4957683679475E-15
           2 1.1319730901221E+01 1.1319730901221E+01 4.7077713814080E-15
           3 2.5974354511582E+01 2.5974354511582E+01 5.7446653560951E-15
           4 2.3665622544679E+01 2.3665622544679E+01 1.1409217698756E-14
           5 2.5278963211749E+02 2.5278963211748E+02 1.1917819470629E-14
 Comparison of RMS-norms of solution error
           1 4.2348416040525E+00 4.2348416040525E+00 2.0973120195338E-16
           2 4.4390282496996E-01 4.4390282496996E-01 0.0000000000000E+00
           3 9.6692480136346E-01 9.6692480136346E-01 2.2963999331895E-16
           4 8.8302063039765E-01 8.8302063039765E-01 0.0000000000000E+00
           5 9.7379901770829E+00 9.7379901770829E+00 1.8241513978733E-16
 Verification Successful


 BT Benchmark Completed.
 Class           =                        A
 Size            =             64x  64x  64
 Iterations      =                      200
 Total threads   =                        1
 Avail threads   =                        1
 Operation type  =           floating point
 Verification    =               SUCCESSFUL
 Version         =                    3.3.1
 Compile date    =              11 Nov 2013

 Compile options:
    CC           = gcc
    CLINK        = $(CC)
    C_LIB        = -lm
    C_INC        = (none)
    CFLAGS       = (unknown)
    CLINKFLAGS   = (unknown)
    RAND         = (none)

--------------------------------------
 Please send all errors/feedbacks to:
 Center for Manycore Programming
 cmp@aces.snu.ac.kr
 http://aces.snu.ac.kr
--------------------------------------


 Performance counter stats for './npb_bt_a':

      162129232068      L1-dcache-loads:u                                             (19.04%)
        6859870924      L1-dcache-load-misses:u   #    4.23% of all L1-dcache accesses  (19.04%)
       69977264759      L1-dcache-stores:u                                            (19.05%)
        2423335239      L1-dcache-store-misses:u                                      (19.05%)
        6415233447      L1-dcache-prefetches:u                                        (19.05%)
        3509946793      L1-dcache-prefetch-misses:u                                     (19.05%)
      141125235602      L1-icache-loads:u                                             (19.05%)
          38819993      L1-icache-load-misses:u   #    0.03% of all L1-icache accesses  (19.05%)
   <not supported>      L1-icache-prefetches:u                                      
   <not supported>      L1-icache-prefetch-misses:u                                   
         623029411      LLC-loads:u                                                   (19.05%)
         309577100      LLC-load-misses:u         #   49.69% of all LL-cache accesses  (19.05%)
         461666687      LLC-stores:u                                                  (9.52%)
          27984217      LLC-store-misses:u                                            (9.52%)
         482032053      LLC-prefetch-misses:u                                         (9.52%)
      161817114609      dTLB-loads:u                                                  (14.29%)
           1175786      dTLB-load-misses:u        #    0.00% of all dTLB cache accesses  (19.05%)
       69854227724      dTLB-stores:u                                                 (19.05%)
            260169      dTLB-store-misses:u                                           (19.05%)
   <not supported>      dTLB-prefetches:u                                           
   <not supported>      dTLB-prefetch-misses:u                                      
      383397732429      iTLB-loads:u                                                  (19.05%)
            434568      iTLB-load-misses:u        #    0.00% of all iTLB cache accesses  (19.05%)
        1852111935      branch-loads:u                                                (19.04%)
        1834098234      branch-load-misses:u                                          (19.04%)

      71.653048336 seconds time elapsed

      70.803961000 seconds user
       0.016660000 seconds sys


